<?xml version="1.0" encoding="UTF-8"?>
<!-- Generated by org.testng.reporters.JUnitXMLReporter -->
<testsuite hostname="ip-10-207-202-92.ec2.internal" ignored="7" name="Default test(failed)" tests="2" failures="1" timestamp="27 Dec 2017 13:14:20 GMT" time="210.147" errors="0">
  <testcase name="ValidationDiscoverTabComponents" time="66.578" classname="com.owners.Sanity.SanitySuite">
    <failure type="org.openqa.selenium.NoSuchElementException" message="An element could not be located on the page using the given search parameters. (WARNING: The server did not provide any stacktrace information)
Command duration or timeout: 12.14 seconds
For documentation on this error, please visit: http://seleniumhq.org/exceptions/no_such_element.html
Build info: version: &amp;apos;2.53.1&amp;apos;, revision: &amp;apos;a36b8b1cd5757287168e54b817830adce9b0158d&amp;apos;, time: &amp;apos;2016-06-30 19:26:09&amp;apos;
System info: host: &amp;apos;ip-10-207-202-92.ec2.internal&amp;apos;, ip: &amp;apos;10.207.202.92&amp;apos;, os.name: &amp;apos;Mac OS X&amp;apos;, os.arch: &amp;apos;x86_64&amp;apos;, os.version: &amp;apos;10.12.6&amp;apos;, java.version: &amp;apos;1.8.0_141&amp;apos;
Driver info: io.appium.java_client.android.AndroidDriver
Capabilities [{appPackage=com.owners.buyer, networkConnectionEnabled=true, noReset=true, warnings={}, databaseEnabled=false, deviceName=01ab1dc9259a7def, platform=LINUX, deviceUDID=01ab1dc9259a7def, appActivity=com.owners.buyer.MainActivity, desired={appPackage=com.owners.buyer, appActivity=com.owners.buyer.MainActivity, noReset=true, platformVersion=6.0, automationName=Appium, platformName=Android, deviceName=HubzuSM-T311}, platformVersion=6.0.1, webStorageEnabled=false, locationContextEnabled=false, automationName=Appium, takesScreenshot=true, javascriptEnabled=true, platformName=Android}]
Session ID: 4b2bb838-1ddb-4cac-b658-3caa819e98d4
*** Element info: {Using=id, value=com.owners.buyer:id/item_just_for_you_search_name}">
      <![CDATA[org.openqa.selenium.NoSuchElementException: An element could not be located on the page using the given search parameters. (WARNING: The server did not provide any stacktrace information)Command duration or timeout: 12.14 secondsFor documentation on this error, please visit: http://seleniumhq.org/exceptions/no_such_element.htmlBuild info: version: '2.53.1', revision: 'a36b8b1cd5757287168e54b817830adce9b0158d', time: '2016-06-30 19:26:09'System info: host: 'ip-10-207-202-92.ec2.internal', ip: '10.207.202.92', os.name: 'Mac OS X', os.arch: 'x86_64', os.version: '10.12.6', java.version: '1.8.0_141'Driver info: io.appium.java_client.android.AndroidDriverCapabilities [{appPackage=com.owners.buyer, networkConnectionEnabled=true, noReset=true, warnings={}, databaseEnabled=false, deviceName=01ab1dc9259a7def, platform=LINUX, deviceUDID=01ab1dc9259a7def, appActivity=com.owners.buyer.MainActivity, desired={appPackage=com.owners.buyer, appActivity=com.owners.buyer.MainActivity, noReset=true, platformVersion=6.0, automationName=Appium, platformName=Android, deviceName=HubzuSM-T311}, platformVersion=6.0.1, webStorageEnabled=false, locationContextEnabled=false, automationName=Appium, takesScreenshot=true, javascriptEnabled=true, platformName=Android}]Session ID: 4b2bb838-1ddb-4cac-b658-3caa819e98d4*** Element info: {Using=id, value=com.owners.buyer:id/item_just_for_you_search_name}at org.openqa.selenium.remote.ErrorHandler.createThrowable(ErrorHandler.java:206)at org.openqa.selenium.remote.ErrorHandler.throwIfResponseFailed(ErrorHandler.java:158)at org.openqa.selenium.remote.RemoteWebDriver.execute(RemoteWebDriver.java:678)at io.appium.java_client.DefaultGenericMobileDriver.execute(DefaultGenericMobileDriver.java:40)at io.appium.java_client.AppiumDriver.execute(AppiumDriver.java:1)at io.appium.java_client.android.AndroidDriver.execute(AndroidDriver.java:1)at org.openqa.selenium.remote.RemoteWebDriver.findElement(RemoteWebDriver.java:363)at io.appium.java_client.DefaultGenericMobileDriver.findElement(DefaultGenericMobileDriver.java:56)at io.appium.java_client.AppiumDriver.findElement(AppiumDriver.java:1)at io.appium.java_client.android.AndroidDriver.findElement(AndroidDriver.java:1)at org.openqa.selenium.remote.RemoteWebDriver.findElementById(RemoteWebDriver.java:413)at io.appium.java_client.DefaultGenericMobileDriver.findElementById(DefaultGenericMobileDriver.java:64)at io.appium.java_client.AppiumDriver.findElementById(AppiumDriver.java:1)at io.appium.java_client.android.AndroidDriver.findElementById(AndroidDriver.java:1)at org.openqa.selenium.By$ById.findElement(By.java:218)at org.openqa.selenium.remote.RemoteWebDriver.findElement(RemoteWebDriver.java:355)at io.appium.java_client.DefaultGenericMobileDriver.findElement(DefaultGenericMobileDriver.java:52)at io.appium.java_client.AppiumDriver.findElement(AppiumDriver.java:1)at io.appium.java_client.android.AndroidDriver.findElement(AndroidDriver.java:1)at com.owners.PageFactory.DiscoverTab_PO.savedSearches(DiscoverTab_PO.java:78)at com.owners.Sanity.SanitySuite.ValidationDiscoverTabComponents(SanitySuite.java:609)... Removed 29 stack frames]]>
    </failure>
  </testcase> <!-- ValidationDiscoverTabComponents -->
  <testcase name="SearchFilterValidation" time="130.565" classname="com.owners.Sanity.SanitySuite"/>
  <testcase name="OwnersApp_Login" time="0.0" classname="com.owners.Sanity.SanitySuite">
    <ignored/>
  </testcase> <!-- OwnersApp_Login -->
  <testcase name="OwnersApp_UserRegistrationFilters" time="0.0" classname="com.owners.Sanity.SanitySuite">
    <ignored/>
  </testcase> <!-- OwnersApp_UserRegistrationFilters -->
  <testcase name="ValidatePDPComponents" time="0.0" classname="com.owners.Sanity.SanitySuite">
    <ignored/>
  </testcase> <!-- ValidatePDPComponents -->
  <testcase name="OwnersApp_SRPuiValidationAndToggleViews" time="0.0" classname="com.owners.Sanity.SanitySuite">
    <ignored/>
  </testcase> <!-- OwnersApp_SRPuiValidationAndToggleViews -->
  <testcase name="FavouritePorpertyValidation" time="0.0" classname="com.owners.Sanity.SanitySuite">
    <ignored/>
  </testcase> <!-- FavouritePorpertyValidation -->
  <testcase name="OwnersApp_NewUserRegistration" time="0.0" classname="com.owners.Sanity.SanitySuite">
    <ignored/>
  </testcase> <!-- OwnersApp_NewUserRegistration -->
  <testcase name="OwnersApp_LogOut" time="0.0" classname="com.owners.Sanity.SanitySuite">
    <ignored/>
  </testcase> <!-- OwnersApp_LogOut -->
</testsuite> <!-- Default test(failed) -->
