<?xml version="1.0" encoding="UTF-8"?>
<!-- Generated by org.testng.reporters.JUnitReportReporter -->
<testsuite skipped="0" hostname="ip-10-207-202-92.ec2.internal" name="com.owners.OpenHouse.OpenHouseInSRP" tests="22" failures="0" timestamp="26 Dec 2017 12:25:17 GMT" time="965.606" errors="2">
  <testcase name="verifyOpenHousePropertyInSRP" time="61.551" classname="com.owners.OpenHouse.OpenHouseInSRP"/>
  <testcase name="saveOpenHouseFromPDP" time="38.596" classname="com.owners.OpenHouse.OpenHouseInSRP"/>
  <testcase name="viewOpenHouseInMeSection" time="1.134" classname="com.owners.OpenHouse.OpenHouseInSRP"/>
  <testcase name="openHouseAddressVerify" time="24.138" classname="com.owners.OpenHouse.OpenHouseInSRP"/>
  <testcase name="copyAddressOptionVerify_PDPOpen" time="9.772" classname="com.owners.OpenHouse.OpenHouseInSRP"/>
  <testcase name="scheduleTourFromOpenHouse" time="28.897" classname="com.owners.OpenHouse.OpenHouseInSRP"/>
  <testcase name="getDirectionFromOpenhouse" time="36.353" classname="com.owners.OpenHouse.OpenHouseInSRP"/>
  <testcase name="addCalendarEventFromOpenHouse" time="35.001" classname="com.owners.OpenHouse.OpenHouseInSRP"/>
  <testcase name="deleteOpenHouseFromMenu" time="31.333" classname="com.owners.OpenHouse.OpenHouseInSRP"/>
  <testcase name="discoverPageOpenHose" time="91.116" classname="com.owners.OpenHouse.OpenHouseInSRP"/>
  <testcase name="swipeViewOpenHouse" time="26.093" classname="com.owners.OpenHouse.OpenHouseInSRP"/>
  <testcase name="pinViewFromCluster" time="87.605" classname="com.owners.OpenHouse.OpenHouseInSRP">
    <error type="org.openqa.selenium.NoSuchElementException" message="An element could not be located on the page using the given search parameters. (WARNING: The server did not provide any stacktrace information)
Command duration or timeout: 942 milliseconds
For documentation on this error, please visit: http://seleniumhq.org/exceptions/no_such_element.html
Build info: version: &#039;2.53.1&#039;, revision: &#039;a36b8b1cd5757287168e54b817830adce9b0158d&#039;, time: &#039;2016-06-30 19:26:09&#039;
System info: host: &#039;ip-10-207-202-92.ec2.internal&#039;, ip: &#039;10.207.202.92&#039;, os.name: &#039;Mac OS X&#039;, os.arch: &#039;x86_64&#039;, os.version: &#039;10.12.6&#039;, java.version: &#039;1.8.0_141&#039;
Driver info: io.appium.java_client.android.AndroidDriver
Capabilities [{appPackage=com.owners.buyer, networkConnectionEnabled=true, noReset=true, warnings={}, databaseEnabled=false, deviceName=01ab1dc9259a7def, platform=LINUX, deviceUDID=01ab1dc9259a7def, appActivity=com.owners.buyer.MainActivity, desired={appPackage=com.owners.buyer, appActivity=com.owners.buyer.MainActivity, noReset=true, platformVersion=6.0, automationName=Appium, platformName=Android, deviceName=HubzuSM-T311}, platformVersion=6.0.1, webStorageEnabled=false, locationContextEnabled=false, automationName=Appium, takesScreenshot=true, javascriptEnabled=true, platformName=Android}]
Session ID: 8817c4b3-e4b8-4bc8-8f57-29f00a107c05
*** Element info: {Using=id, value=com.owners.buyer:id/search_result_open_house_time}">
      <![CDATA[org.openqa.selenium.NoSuchElementException: An element could not be located on the page using the given search parameters. (WARNING: The server did not provide any stacktrace information)Command duration or timeout: 942 millisecondsFor documentation on this error, please visit: http://seleniumhq.org/exceptions/no_such_element.htmlBuild info: version: '2.53.1', revision: 'a36b8b1cd5757287168e54b817830adce9b0158d', time: '2016-06-30 19:26:09'System info: host: 'ip-10-207-202-92.ec2.internal', ip: '10.207.202.92', os.name: 'Mac OS X', os.arch: 'x86_64', os.version: '10.12.6', java.version: '1.8.0_141'Driver info: io.appium.java_client.android.AndroidDriverCapabilities [{appPackage=com.owners.buyer, networkConnectionEnabled=true, noReset=true, warnings={}, databaseEnabled=false, deviceName=01ab1dc9259a7def, platform=LINUX, deviceUDID=01ab1dc9259a7def, appActivity=com.owners.buyer.MainActivity, desired={appPackage=com.owners.buyer, appActivity=com.owners.buyer.MainActivity, noReset=true, platformVersion=6.0, automationName=Appium, platformName=Android, deviceName=HubzuSM-T311}, platformVersion=6.0.1, webStorageEnabled=false, locationContextEnabled=false, automationName=Appium, takesScreenshot=true, javascriptEnabled=true, platformName=Android}]Session ID: 8817c4b3-e4b8-4bc8-8f57-29f00a107c05*** Element info: {Using=id, value=com.owners.buyer:id/search_result_open_house_time}at sun.reflect.GeneratedConstructorAccessor13.newInstance(Unknown Source)at sun.reflect.DelegatingConstructorAccessorImpl.newInstance(DelegatingConstructorAccessorImpl.java:45)at java.lang.reflect.Constructor.newInstance(Constructor.java:423)at org.openqa.selenium.remote.ErrorHandler.createThrowable(ErrorHandler.java:206)at org.openqa.selenium.remote.ErrorHandler.throwIfResponseFailed(ErrorHandler.java:158)at org.openqa.selenium.remote.RemoteWebDriver.execute(RemoteWebDriver.java:678)at io.appium.java_client.DefaultGenericMobileDriver.execute(DefaultGenericMobileDriver.java:40)at io.appium.java_client.AppiumDriver.execute(AppiumDriver.java:1)at io.appium.java_client.android.AndroidDriver.execute(AndroidDriver.java:1)at org.openqa.selenium.remote.RemoteWebDriver.findElement(RemoteWebDriver.java:363)at io.appium.java_client.DefaultGenericMobileDriver.findElement(DefaultGenericMobileDriver.java:56)at io.appium.java_client.AppiumDriver.findElement(AppiumDriver.java:1)at io.appium.java_client.android.AndroidDriver.findElement(AndroidDriver.java:1)at org.openqa.selenium.remote.RemoteWebDriver.findElementById(RemoteWebDriver.java:413)at io.appium.java_client.DefaultGenericMobileDriver.findElementById(DefaultGenericMobileDriver.java:64)at io.appium.java_client.AppiumDriver.findElementById(AppiumDriver.java:1)at io.appium.java_client.android.AndroidDriver.findElementById(AndroidDriver.java:1)at org.openqa.selenium.By$ById.findElement(By.java:218)at org.openqa.selenium.remote.RemoteWebDriver.findElement(RemoteWebDriver.java:355)at io.appium.java_client.DefaultGenericMobileDriver.findElement(DefaultGenericMobileDriver.java:52)at io.appium.java_client.AppiumDriver.findElement(AppiumDriver.java:1)at io.appium.java_client.android.AndroidDriver.findElement(AndroidDriver.java:1)at com.openhouse.PageFactory.OpenHouseInMapView_PO.openHouseDateVerify(OpenHouseInMapView_PO.java:50)at com.owners.OpenHouse.OpenHouseInSRP.pinViewFromCluster(OpenHouseInSRP.java:144)at sun.reflect.NativeMethodAccessorImpl.invoke0(Native Method)at sun.reflect.NativeMethodAccessorImpl.invoke(NativeMethodAccessorImpl.java:62)at sun.reflect.DelegatingMethodAccessorImpl.invoke(DelegatingMethodAccessorImpl.java:43)at java.lang.reflect.Method.invoke(Method.java:498)at org.testng.internal.MethodInvocationHelper.invokeMethod(MethodInvocationHelper.java:124)at org.testng.internal.Invoker.invokeMethod(Invoker.java:571)at org.testng.internal.Invoker.invokeTestMethod(Invoker.java:707)at org.testng.internal.Invoker.invokeTestMethods(Invoker.java:979)at org.testng.internal.TestMethodWorker.invokeTestMethods(TestMethodWorker.java:125)at org.testng.internal.TestMethodWorker.run(TestMethodWorker.java:109)at org.testng.TestRunner.privateRun(TestRunner.java:648)at org.testng.TestRunner.run(TestRunner.java:505)at org.testng.SuiteRunner.runTest(SuiteRunner.java:455)at org.testng.SuiteRunner.runSequentially(SuiteRunner.java:450)at org.testng.SuiteRunner.privateRun(SuiteRunner.java:415)at org.testng.SuiteRunner.run(SuiteRunner.java:364)at org.testng.SuiteRunnerWorker.runSuite(SuiteRunnerWorker.java:52)at org.testng.SuiteRunnerWorker.run(SuiteRunnerWorker.java:84)at org.testng.TestNG.runSuitesSequentially(TestNG.java:1187)at org.testng.TestNG.runSuitesLocally(TestNG.java:1116)at org.testng.TestNG.runSuites(TestNG.java:1028)at org.testng.TestNG.run(TestNG.java:996)at org.testng.remote.AbstractRemoteTestNG.run(AbstractRemoteTestNG.java:114)at org.testng.remote.RemoteTestNG.initAndRun(RemoteTestNG.java:251)at org.testng.remote.RemoteTestNG.main(RemoteTestNG.java:77)]]>
    </error>
  </testcase> <!-- pinViewFromCluster -->
  <testcase name="newTagWithOpenHouseQuickSRP" time="79.927" classname="com.owners.OpenHouse.OpenHouseInSRP">
    <error type="org.openqa.selenium.NoSuchElementException" message="An element could not be located on the page using the given search parameters. (WARNING: The server did not provide any stacktrace information)
Command duration or timeout: 120 milliseconds
For documentation on this error, please visit: http://seleniumhq.org/exceptions/no_such_element.html
Build info: version: &#039;2.53.1&#039;, revision: &#039;a36b8b1cd5757287168e54b817830adce9b0158d&#039;, time: &#039;2016-06-30 19:26:09&#039;
System info: host: &#039;ip-10-207-202-92.ec2.internal&#039;, ip: &#039;10.207.202.92&#039;, os.name: &#039;Mac OS X&#039;, os.arch: &#039;x86_64&#039;, os.version: &#039;10.12.6&#039;, java.version: &#039;1.8.0_141&#039;
Driver info: io.appium.java_client.android.AndroidDriver
Capabilities [{appPackage=com.owners.buyer, networkConnectionEnabled=true, noReset=true, warnings={}, databaseEnabled=false, deviceName=01ab1dc9259a7def, platform=LINUX, deviceUDID=01ab1dc9259a7def, appActivity=com.owners.buyer.MainActivity, desired={appPackage=com.owners.buyer, appActivity=com.owners.buyer.MainActivity, noReset=true, platformVersion=6.0, automationName=Appium, platformName=Android, deviceName=HubzuSM-T311}, platformVersion=6.0.1, webStorageEnabled=false, locationContextEnabled=false, automationName=Appium, takesScreenshot=true, javascriptEnabled=true, platformName=Android}]
Session ID: 8817c4b3-e4b8-4bc8-8f57-29f00a107c05
*** Element info: {Using=xpath, value=//android.view.View[@content-desc=&#039;Google Map&#039;]/android.view.View[2]}">
      <![CDATA[org.openqa.selenium.NoSuchElementException: An element could not be located on the page using the given search parameters. (WARNING: The server did not provide any stacktrace information)Command duration or timeout: 120 millisecondsFor documentation on this error, please visit: http://seleniumhq.org/exceptions/no_such_element.htmlBuild info: version: '2.53.1', revision: 'a36b8b1cd5757287168e54b817830adce9b0158d', time: '2016-06-30 19:26:09'System info: host: 'ip-10-207-202-92.ec2.internal', ip: '10.207.202.92', os.name: 'Mac OS X', os.arch: 'x86_64', os.version: '10.12.6', java.version: '1.8.0_141'Driver info: io.appium.java_client.android.AndroidDriverCapabilities [{appPackage=com.owners.buyer, networkConnectionEnabled=true, noReset=true, warnings={}, databaseEnabled=false, deviceName=01ab1dc9259a7def, platform=LINUX, deviceUDID=01ab1dc9259a7def, appActivity=com.owners.buyer.MainActivity, desired={appPackage=com.owners.buyer, appActivity=com.owners.buyer.MainActivity, noReset=true, platformVersion=6.0, automationName=Appium, platformName=Android, deviceName=HubzuSM-T311}, platformVersion=6.0.1, webStorageEnabled=false, locationContextEnabled=false, automationName=Appium, takesScreenshot=true, javascriptEnabled=true, platformName=Android}]Session ID: 8817c4b3-e4b8-4bc8-8f57-29f00a107c05*** Element info: {Using=xpath, value=//android.view.View[@content-desc='Google Map']/android.view.View[2]}at sun.reflect.GeneratedConstructorAccessor13.newInstance(Unknown Source)at sun.reflect.DelegatingConstructorAccessorImpl.newInstance(DelegatingConstructorAccessorImpl.java:45)at java.lang.reflect.Constructor.newInstance(Constructor.java:423)at org.openqa.selenium.remote.ErrorHandler.createThrowable(ErrorHandler.java:206)at org.openqa.selenium.remote.ErrorHandler.throwIfResponseFailed(ErrorHandler.java:158)at org.openqa.selenium.remote.RemoteWebDriver.execute(RemoteWebDriver.java:678)at io.appium.java_client.DefaultGenericMobileDriver.execute(DefaultGenericMobileDriver.java:40)at io.appium.java_client.AppiumDriver.execute(AppiumDriver.java:1)at io.appium.java_client.android.AndroidDriver.execute(AndroidDriver.java:1)at org.openqa.selenium.remote.RemoteWebDriver.findElement(RemoteWebDriver.java:363)at io.appium.java_client.DefaultGenericMobileDriver.findElement(DefaultGenericMobileDriver.java:56)at io.appium.java_client.AppiumDriver.findElement(AppiumDriver.java:1)at io.appium.java_client.android.AndroidDriver.findElement(AndroidDriver.java:1)at org.openqa.selenium.remote.RemoteWebDriver.findElementByXPath(RemoteWebDriver.java:500)at io.appium.java_client.DefaultGenericMobileDriver.findElementByXPath(DefaultGenericMobileDriver.java:134)at io.appium.java_client.AppiumDriver.findElementByXPath(AppiumDriver.java:1)at io.appium.java_client.android.AndroidDriver.findElementByXPath(AndroidDriver.java:1)at org.openqa.selenium.By$ByXPath.findElement(By.java:361)at org.openqa.selenium.remote.RemoteWebDriver.findElement(RemoteWebDriver.java:355)at io.appium.java_client.DefaultGenericMobileDriver.findElement(DefaultGenericMobileDriver.java:52)at io.appium.java_client.AppiumDriver.findElement(AppiumDriver.java:1)at io.appium.java_client.android.AndroidDriver.findElement(AndroidDriver.java:1)at com.owners.commonFunctions.fromClusterToPinView(commonFunctions.java:239)at com.openhouse.PageFactory.OpenHouseInMapView_PO.newTagInQuickSRP(OpenHouseInMapView_PO.java:70)at com.openhouse.PageFactory.OpenHouseInMapView_PO.newPropertiesWithOpenHouse(OpenHouseInMapView_PO.java:162)at com.owners.OpenHouse.OpenHouseInSRP.newTagWithOpenHouseQuickSRP(OpenHouseInSRP.java:153)at sun.reflect.NativeMethodAccessorImpl.invoke0(Native Method)at sun.reflect.NativeMethodAccessorImpl.invoke(NativeMethodAccessorImpl.java:62)at sun.reflect.DelegatingMethodAccessorImpl.invoke(DelegatingMethodAccessorImpl.java:43)at java.lang.reflect.Method.invoke(Method.java:498)at org.testng.internal.MethodInvocationHelper.invokeMethod(MethodInvocationHelper.java:124)at org.testng.internal.Invoker.invokeMethod(Invoker.java:571)at org.testng.internal.Invoker.invokeTestMethod(Invoker.java:707)at org.testng.internal.Invoker.invokeTestMethods(Invoker.java:979)at org.testng.internal.TestMethodWorker.invokeTestMethods(TestMethodWorker.java:125)at org.testng.internal.TestMethodWorker.run(TestMethodWorker.java:109)at org.testng.TestRunner.privateRun(TestRunner.java:648)at org.testng.TestRunner.run(TestRunner.java:505)at org.testng.SuiteRunner.runTest(SuiteRunner.java:455)at org.testng.SuiteRunner.runSequentially(SuiteRunner.java:450)at org.testng.SuiteRunner.privateRun(SuiteRunner.java:415)at org.testng.SuiteRunner.run(SuiteRunner.java:364)at org.testng.SuiteRunnerWorker.runSuite(SuiteRunnerWorker.java:52)at org.testng.SuiteRunnerWorker.run(SuiteRunnerWorker.java:84)at org.testng.TestNG.runSuitesSequentially(TestNG.java:1187)at org.testng.TestNG.runSuitesLocally(TestNG.java:1116)at org.testng.TestNG.runSuites(TestNG.java:1028)at org.testng.TestNG.run(TestNG.java:996)at org.testng.remote.AbstractRemoteTestNG.run(AbstractRemoteTestNG.java:114)at org.testng.remote.RemoteTestNG.initAndRun(RemoteTestNG.java:251)at org.testng.remote.RemoteTestNG.main(RemoteTestNG.java:77)]]>
    </error>
  </testcase> <!-- newTagWithOpenHouseQuickSRP -->
  <testcase name="searchStateNotChanged" time="82.396" classname="com.owners.OpenHouse.OpenHouseInSRP"/>
  <testcase name="tagAndTimeVerifyInDiscover" time="9.623" classname="com.owners.OpenHouse.OpenHouseInSRP"/>
  <testcase name="matchDataInPDPWithDiscovertab" time="11.033" classname="com.owners.OpenHouse.OpenHouseInSRP"/>
  <testcase name="verifyFavIconInTiles" time="7.812" classname="com.owners.OpenHouse.OpenHouseInSRP"/>
  <testcase name="verifyFavIconDisappear" time="10.639" classname="com.owners.OpenHouse.OpenHouseInSRP"/>
  <testcase name="updateOpenHouseListInDiscoverTab" time="56.563" classname="com.owners.OpenHouse.OpenHouseInSRP"/>
  <testcase name="offlineMyOpenHouseSeciton" time="67.001" classname="com.owners.OpenHouse.OpenHouseInSRP"/>
  <testcase name="unauthenticatedUserOpenHouseVerify" time="102.350" classname="com.owners.OpenHouse.OpenHouseInSRP"/>
  <testcase name="errorMessageVerifyNoOpenHouse" time="66.673" classname="com.owners.OpenHouse.OpenHouseInSRP"/>
</testsuite> <!-- com.owners.OpenHouse.OpenHouseInSRP -->
